[2021-11-01 16:43:20.327] [jointLog] [info] parsing read library format
[2021-11-01 16:43:20.420] [jointLog] [info] Loading Quasi index
[2021-11-01 16:43:28.723] [jointLog] [info] done
[2021-11-01 16:43:37.789] [jointLog] [info] Gathered fragment lengths from all threads
[2021-11-01 16:43:37.789] [jointLog] [warning] Sailfish saw fewer then 10000 uniquely mapped reads so 200 will be used as the mean fragment length and 80 as the standard deviation for effective length correction
[2021-11-01 16:43:37.791] [jointLog] [info] Estimating effective lengths
[2021-11-01 16:43:38.008] [jointLog] [info] Computed 7853 rich equivalence classes for further processing
[2021-11-01 16:43:38.008] [jointLog] [info] Counted 47309 total reads in the equivalence classes 
[2021-11-01 16:43:38.009] [jointLog] [info] Starting optimizer:

[2021-11-01 16:43:38.019] [jointLog] [info] Optimizing over 7853 equivalence classes
[2021-11-01 16:43:38.022] [jointLog] [info] iteration = 0 | max rel diff. = 332.581
[2021-11-01 16:43:38.134] [jointLog] [info] iteration = 100 | max rel diff. = 0.0827317
[2021-11-01 16:43:38.239] [jointLog] [info] iteration = 200 | max rel diff. = 0.0414285
[2021-11-01 16:43:38.341] [jointLog] [info] iteration = 300 | max rel diff. = 0.0348877
[2021-11-01 16:43:38.446] [jointLog] [info] iteration = 400 | max rel diff. = 0.0206141
[2021-11-01 16:43:38.550] [jointLog] [info] iteration = 500 | max rel diff. = 0.0158514
[2021-11-01 16:43:38.655] [jointLog] [info] iteration = 600 | max rel diff. = 0.0158145
[2021-11-01 16:43:38.757] [jointLog] [info] iteration = 700 | max rel diff. = 0.0118697
[2021-11-01 16:43:38.821] [jointLog] [info] iteration = 764 | max rel diff. = 0.00947705
[2021-11-01 16:43:38.829] [jointLog] [info] Finished optimizer
[2021-11-01 16:43:38.829] [jointLog] [info] writing output 

